Flat profile:

Each sample counts as 0.01 seconds.
  %   cumulative   self              self     total           
 time   seconds   seconds    calls  ms/call  ms/call  name    
 75.12      0.03     0.03       14     2.15     2.15  cal_1degreeDeviation(int*, double)
 25.04      0.04     0.01       14     0.72     0.72  cal_1degreemean(int*)
  0.00      0.04     0.00       14     0.00     0.00  extract()
  0.00      0.04     0.00        1     0.00     0.00  __libc_csu_init
  0.00      0.04     0.00        1     0.00     0.00  _fini

			Call graph


granularity: each sample hit covers 2 byte(s) for 24.96% of 0.04 seconds

index % time    self  children    called     name
                                                 <spontaneous>
[1]    100.0    0.00    0.04                 main [1]
                0.03    0.00      14/14          cal_1degreeDeviation(int*, double) [2]
                0.01    0.00      14/14          cal_1degreemean(int*) [3]
                0.00    0.00      14/14          extract() [10]
-----------------------------------------------
                0.03    0.00      14/14          main [1]
[2]     75.0    0.03    0.00      14         cal_1degreeDeviation(int*, double) [2]
-----------------------------------------------
                0.01    0.00      14/14          main [1]
[3]     25.0    0.01    0.00      14         cal_1degreemean(int*) [3]
-----------------------------------------------
                0.00    0.00      14/14          main [1]
[10]     0.0    0.00    0.00      14         extract() [10]
-----------------------------------------------
                0.00    0.00       1/1           etext [7]
[11]     0.0    0.00    0.00       1         __libc_csu_init [11]
-----------------------------------------------
                0.00    0.00       1/1           etext [7]
[12]     0.0    0.00    0.00       1         _fini [12]
-----------------------------------------------

Index by function name

   [3] cal_1degreemean(int*)  [10] extract()              [12] _fini
   [2] cal_1degreeDeviation(int*, double) [11] __libc_csu_init
